2014-05-28 11:26:32 =ERROR REPORT====
GET / [dashboard] 404 0ms2014-05-28 11:26:36 =SUPERVISOR REPORT====
     Supervisor: {<0.114.0>,poolboy_sup}
     Context:    shutdown_error
     Reason:     shutdown
     Offender:   [{nb_children,1},{name,boss_session_controller},{mfargs,{boss_session_controller,start_link,[[{name,{local,boss_session_pool}},{worker_module,boss_session_controller},{size,20},{max_overflow,40},{adapter,boss_session_adapter_mock},{session_exp_time,525600},{session_key,"_boss_session"}]]}},{restart_type,temporary},{shutdown,5000},{child_type,worker}]

2014-05-28 11:43:11 =SUPERVISOR REPORT====
     Supervisor: {<0.123.0>,poolboy_sup}
     Context:    shutdown_error
     Reason:     shutdown
     Offender:   [{nb_children,12},{name,boss_session_controller},{mfargs,{boss_session_controller,start_link,[[{name,{local,boss_session_pool}},{worker_module,boss_session_controller},{size,20},{max_overflow,40},{adapter,boss_session_adapter_mock},{session_exp_time,525600},{session_key,"_boss_session"}]]}},{restart_type,temporary},{shutdown,5000},{child_type,worker}]

2014-05-28 11:44:08 =ERROR REPORT====
GET /metricdashboard/get_rdks [dashboard] 404 0ms2014-05-28 12:00:32 =ERROR REPORT====
GET /metricdashboard/get-rdks [dashboard] 404 0ms2014-05-28 12:00:37 =ERROR REPORT====
GET /metricdashboard/get_rdks [dashboard] 404 0ms2014-05-28 12:05:57 =ERROR REPORT====
GET / [dashboard] 404 0ms2014-05-29 18:04:05 =SUPERVISOR REPORT====
     Supervisor: {<0.123.0>,poolboy_sup}
     Context:    shutdown_error
     Reason:     shutdown
     Offender:   [{nb_children,13},{name,boss_session_controller},{mfargs,{boss_session_controller,start_link,[[{name,{local,boss_session_pool}},{worker_module,boss_session_controller},{size,20},{max_overflow,40},{adapter,boss_session_adapter_mock},{session_exp_time,525600},{session_key,"_boss_session"}]]}},{restart_type,temporary},{shutdown,5000},{child_type,worker}]

2014-05-30 14:44:48 =ERROR REPORT====
POST /metricdashboard/stastore_operational_sla [dashboard] 404 0ms2014-05-30 14:44:48 =ERROR REPORT====
POST /metricdashboard/stastore_operational_sla [dashboard] 404 0ms2014-05-30 14:44:48 =ERROR REPORT====
POST /metricdashboard/stastore_operational_sla [dashboard] 404 0ms2014-05-30 14:44:48 =ERROR REPORT====
POST /metricdashboard/stastore_operational_sla [dashboard] 404 0ms2014-05-30 14:44:48 =ERROR REPORT====
POST /metricdashboard/stastore_operational_sla [dashboard] 404 0ms2014-05-30 14:44:48 =ERROR REPORT====
POST /metricdashboard/stastore_operational_sla [dashboard] 404 0ms2014-05-30 14:44:48 =ERROR REPORT====
POST /metricdashboard/stastore_operational_sla [dashboard] 404 0ms2014-05-30 14:44:48 =ERROR REPORT====
POST /metricdashboard/stastore_operational_sla [dashboard] 404 0ms2014-05-30 14:44:48 =ERROR REPORT====
POST /metricdashboard/stastore_operational_sla [dashboard] 404 0ms2014-05-30 14:44:48 =ERROR REPORT====
POST /metricdashboard/stastore_operational_sla [dashboard] 404 0ms2014-05-30 14:44:48 =ERROR REPORT====
POST /metricdashboard/stastore_operational_sla [dashboard] 404 0ms2014-05-30 14:44:48 =ERROR REPORT====
POST /metricdashboard/stastore_operational_sla [dashboard] 404 0ms2014-05-30 14:44:49 =ERROR REPORT====
POST /metricdashboard/stastore_operational_sla [dashboard] 404 0ms2014-05-30 14:44:49 =ERROR REPORT====
POST /metricdashboard/stastore_operational_sla [dashboard] 404 0ms2014-05-30 14:44:49 =ERROR REPORT====
POST /metricdashboard/stastore_operational_sla [dashboard] 404 0ms2014-05-30 14:44:49 =ERROR REPORT====
POST /metricdashboard/stastore_operational_sla [dashboard] 404 0ms2014-05-30 14:44:49 =ERROR REPORT====
POST /metricdashboard/stastore_operational_sla [dashboard] 404 0ms2014-05-30 14:44:49 =ERROR REPORT====
POST /metricdashboard/stastore_operational_sla [dashboard] 404 0ms2014-05-30 14:44:50 =ERROR REPORT====
POST /metricdashboard/stastore_operational_sla [dashboard] 404 0ms2014-05-30 14:44:50 =ERROR REPORT====
POST /metricdashboard/stastore_operational_sla [dashboard] 404 0ms2014-05-30 14:44:50 =ERROR REPORT====
POST /metricdashboard/stastore_operational_sla [dashboard] 404 0ms2014-05-30 14:44:50 =ERROR REPORT====
POST /metricdashboard/stastore_operational_sla [dashboard] 404 0ms2014-05-30 14:44:50 =ERROR REPORT====
POST /metricdashboard/stastore_operational_sla [dashboard] 404 0ms2014-05-30 14:44:50 =ERROR REPORT====
POST /metricdashboard/stastore_operational_sla [dashboard] 404 0ms2014-05-30 14:44:50 =ERROR REPORT====
POST /metricdashboard/stastore_operational_sla [dashboard] 404 0ms2014-05-30 14:44:50 =ERROR REPORT====
POST /metricdashboard/stastore_operational_sla [dashboard] 404 0ms2014-05-30 14:44:50 =ERROR REPORT====
POST /metricdashboard/stastore_operational_sla [dashboard] 404 0ms2014-05-30 14:44:50 =ERROR REPORT====
POST /metricdashboard/stastore_operational_sla [dashboard] 404 0ms2014-05-30 14:44:50 =ERROR REPORT====
POST /metricdashboard/stastore_operational_sla [dashboard] 404 0ms2014-05-30 14:44:50 =ERROR REPORT====
POST /metricdashboard/stastore_operational_sla [dashboard] 404 0ms2014-05-30 14:44:50 =ERROR REPORT====
POST /metricdashboard/stastore_operational_sla [dashboard] 404 0ms2014-05-30 14:44:50 =ERROR REPORT====
POST /metricdashboard/stastore_operational_sla [dashboard] 404 0ms2014-05-30 14:44:50 =ERROR REPORT====
POST /metricdashboard/stastore_operational_sla [dashboard] 404 0ms2014-05-30 14:44:50 =ERROR REPORT====
POST /metricdashboard/stastore_operational_sla [dashboard] 404 0ms2014-05-30 14:44:50 =ERROR REPORT====
POST /metricdashboard/stastore_operational_sla [dashboard] 404 0ms2014-05-30 14:44:50 =ERROR REPORT====
POST /metricdashboard/stastore_operational_sla [dashboard] 404 0ms2014-05-30 14:44:51 =ERROR REPORT====
POST /metricdashboard/stastore_operational_sla [dashboard] 404 0ms2014-05-30 14:44:51 =ERROR REPORT====
POST /metricdashboard/stastore_operational_sla [dashboard] 404 0ms2014-05-30 14:44:51 =ERROR REPORT====
POST /metricdashboard/stastore_operational_sla [dashboard] 404 0ms2014-05-30 14:44:51 =ERROR REPORT====
POST /metricdashboard/stastore_operational_sla [dashboard] 404 0ms2014-05-30 14:44:51 =ERROR REPORT====
POST /metricdashboard/stastore_operational_sla [dashboard] 404 0ms2014-05-30 14:44:51 =ERROR REPORT====
POST /metricdashboard/stastore_operational_sla [dashboard] 404 0ms2014-05-30 14:44:51 =ERROR REPORT====
POST /metricdashboard/stastore_operational_sla [dashboard] 404 0ms2014-05-30 14:44:51 =ERROR REPORT====
POST /metricdashboard/stastore_operational_sla [dashboard] 404 0ms2014-05-30 14:44:51 =ERROR REPORT====
POST /metricdashboard/stastore_operational_sla [dashboard] 404 0ms2014-05-30 14:44:52 =ERROR REPORT====
POST /metricdashboard/stastore_operational_sla [dashboard] 404 0ms2014-05-30 14:44:52 =ERROR REPORT====
POST /metricdashboard/stastore_operational_sla [dashboard] 404 0ms2014-05-30 14:44:52 =ERROR REPORT====
POST /metricdashboard/stastore_operational_sla [dashboard] 404 0ms2014-05-30 14:44:52 =ERROR REPORT====
POST /metricdashboard/stastore_operational_sla [dashboard] 404 0ms2014-05-30 14:44:52 =ERROR REPORT====
POST /metricdashboard/stastore_operational_sla [dashboard] 404 0ms2014-05-30 14:44:52 =ERROR REPORT====
POST /metricdashboard/stastore_operational_sla [dashboard] 404 0ms2014-05-30 14:44:53 =ERROR REPORT====
POST /metricdashboard/stastore_operational_sla [dashboard] 404 0ms2014-05-30 14:44:53 =ERROR REPORT====
POST /metricdashboard/stastore_operational_sla [dashboard] 404 0ms2014-05-30 14:44:53 =ERROR REPORT====
POST /metricdashboard/stastore_operational_sla [dashboard] 404 0ms2014-05-30 14:44:53 =ERROR REPORT====
POST /metricdashboard/stastore_operational_sla [dashboard] 404 0ms2014-05-30 14:44:53 =ERROR REPORT====
POST /metricdashboard/stastore_operational_sla [dashboard] 404 0ms2014-05-30 14:44:53 =ERROR REPORT====
POST /metricdashboard/stastore_operational_sla [dashboard] 404 0ms2014-05-30 14:44:53 =ERROR REPORT====
POST /metricdashboard/stastore_operational_sla [dashboard] 404 0ms2014-05-30 14:44:53 =ERROR REPORT====
POST /metricdashboard/stastore_operational_sla [dashboard] 404 0ms2014-05-30 14:44:53 =ERROR REPORT====
POST /metricdashboard/stastore_operational_sla [dashboard] 404 0ms2014-05-30 14:44:54 =ERROR REPORT====
POST /metricdashboard/stastore_operational_sla [dashboard] 404 0ms2014-05-30 14:44:54 =ERROR REPORT====
POST /metricdashboard/stastore_operational_sla [dashboard] 404 0ms2014-05-30 14:44:54 =ERROR REPORT====
POST /metricdashboard/stastore_operational_sla [dashboard] 404 0ms2014-05-30 14:44:54 =ERROR REPORT====
POST /metricdashboard/stastore_operational_sla [dashboard] 404 0ms2014-05-30 14:44:54 =ERROR REPORT====
POST /metricdashboard/stastore_operational_sla [dashboard] 404 0ms2014-05-30 14:44:54 =ERROR REPORT====
POST /metricdashboard/stastore_operational_sla [dashboard] 404 0ms2014-05-30 14:44:54 =ERROR REPORT====
POST /metricdashboard/stastore_operational_sla [dashboard] 404 0ms2014-05-30 14:44:54 =ERROR REPORT====
POST /metricdashboard/stastore_operational_sla [dashboard] 404 0ms2014-05-30 14:44:54 =ERROR REPORT====
POST /metricdashboard/stastore_operational_sla [dashboard] 404 0ms2014-05-30 14:44:54 =ERROR REPORT====
POST /metricdashboard/stastore_operational_sla [dashboard] 404 0ms2014-05-30 14:44:54 =ERROR REPORT====
POST /metricdashboard/stastore_operational_sla [dashboard] 404 0ms2014-05-30 14:44:54 =ERROR REPORT====
POST /metricdashboard/stastore_operational_sla [dashboard] 404 0ms2014-05-30 14:44:54 =ERROR REPORT====
POST /metricdashboard/stastore_operational_sla [dashboard] 404 0ms2014-05-30 14:44:54 =ERROR REPORT====
POST /metricdashboard/stastore_operational_sla [dashboard] 404 0ms2014-05-30 14:44:54 =ERROR REPORT====
POST /metricdashboard/stastore_operational_sla [dashboard] 404 0ms2014-05-30 14:44:54 =ERROR REPORT====
POST /metricdashboard/stastore_operational_sla [dashboard] 404 0ms2014-05-30 14:44:55 =ERROR REPORT====
POST /metricdashboard/stastore_operational_sla [dashboard] 404 0ms2014-05-30 14:44:55 =ERROR REPORT====
POST /metricdashboard/stastore_operational_sla [dashboard] 404 0ms2014-05-30 14:44:55 =ERROR REPORT====
POST /metricdashboard/stastore_operational_sla [dashboard] 404 0ms2014-05-30 14:44:55 =ERROR REPORT====
POST /metricdashboard/stastore_operational_sla [dashboard] 404 0ms2014-05-30 14:44:55 =ERROR REPORT====
POST /metricdashboard/stastore_operational_sla [dashboard] 404 0ms2014-05-30 14:44:55 =ERROR REPORT====
POST /metricdashboard/stastore_operational_sla [dashboard] 404 0ms2014-05-30 14:44:55 =ERROR REPORT====
POST /metricdashboard/stastore_operational_sla [dashboard] 404 0ms2014-05-30 14:44:55 =ERROR REPORT====
POST /metricdashboard/stastore_operational_sla [dashboard] 404 0ms2014-05-30 14:44:56 =ERROR REPORT====
POST /metricdashboard/stastore_operational_sla [dashboard] 404 0ms2014-05-30 14:44:56 =ERROR REPORT====
POST /metricdashboard/stastore_operational_sla [dashboard] 404 0ms2014-05-30 14:44:56 =ERROR REPORT====
POST /metricdashboard/stastore_operational_sla [dashboard] 404 0ms2014-05-30 14:44:56 =ERROR REPORT====
POST /metricdashboard/stastore_operational_sla [dashboard] 404 0ms2014-05-30 14:44:56 =ERROR REPORT====
POST /metricdashboard/stastore_operational_sla [dashboard] 404 0ms2014-05-30 14:44:56 =ERROR REPORT====
POST /metricdashboard/stastore_operational_sla [dashboard] 404 0ms2014-05-30 14:44:56 =ERROR REPORT====
POST /metricdashboard/stastore_operational_sla [dashboard] 404 0ms2014-05-30 14:44:56 =ERROR REPORT====
POST /metricdashboard/stastore_operational_sla [dashboard] 404 0ms2014-05-30 14:44:57 =ERROR REPORT====
POST /metricdashboard/stastore_operational_sla [dashboard] 404 0ms2014-05-30 14:44:57 =ERROR REPORT====
POST /metricdashboard/stastore_operational_sla [dashboard] 404 0ms2014-05-30 14:44:57 =ERROR REPORT====
POST /metricdashboard/stastore_operational_sla [dashboard] 404 0ms2014-05-30 14:44:57 =ERROR REPORT====
POST /metricdashboard/stastore_operational_sla [dashboard] 404 0ms2014-05-30 14:44:57 =ERROR REPORT====
POST /metricdashboard/stastore_operational_sla [dashboard] 404 0ms2014-05-30 14:44:57 =ERROR REPORT====
POST /metricdashboard/stastore_operational_sla [dashboard] 404 0ms2014-05-30 14:44:57 =ERROR REPORT====
POST /metricdashboard/stastore_operational_sla [dashboard] 404 0ms2014-05-30 14:44:57 =ERROR REPORT====
POST /metricdashboard/stastore_operational_sla [dashboard] 404 0ms2014-05-30 14:44:57 =ERROR REPORT====
POST /metricdashboard/stastore_operational_sla [dashboard] 404 0ms2014-05-30 14:44:57 =ERROR REPORT====
POST /metricdashboard/stastore_operational_sla [dashboard] 404 0ms2014-05-30 14:44:57 =ERROR REPORT====
POST /metricdashboard/stastore_operational_sla [dashboard] 404 0ms2014-05-30 14:44:57 =ERROR REPORT====
POST /metricdashboard/stastore_operational_sla [dashboard] 404 0ms2014-05-30 14:44:58 =ERROR REPORT====
POST /metricdashboard/stastore_operational_sla [dashboard] 404 0ms2014-05-30 14:44:58 =ERROR REPORT====
POST /metricdashboard/stastore_operational_sla [dashboard] 404 0ms2014-05-30 14:44:58 =ERROR REPORT====
POST /metricdashboard/stastore_operational_sla [dashboard] 404 0ms2014-05-30 14:44:58 =ERROR REPORT====
POST /metricdashboard/stastore_operational_sla [dashboard] 404 0ms2014-05-30 14:44:58 =ERROR REPORT====
POST /metricdashboard/stastore_operational_sla [dashboard] 404 0ms2014-05-30 14:44:58 =ERROR REPORT====
POST /metricdashboard/stastore_operational_sla [dashboard] 404 0ms2014-05-30 14:44:58 =ERROR REPORT====
POST /metricdashboard/stastore_operational_sla [dashboard] 404 0ms2014-05-30 14:44:58 =ERROR REPORT====
POST /metricdashboard/stastore_operational_sla [dashboard] 404 0ms2014-05-30 14:44:58 =ERROR REPORT====
POST /metricdashboard/stastore_operational_sla [dashboard] 404 0ms2014-05-30 14:44:58 =ERROR REPORT====
POST /metricdashboard/stastore_operational_sla [dashboard] 404 0ms2014-05-30 14:44:58 =ERROR REPORT====
POST /metricdashboard/stastore_operational_sla [dashboard] 404 0ms2014-05-30 14:44:58 =ERROR REPORT====
POST /metricdashboard/stastore_operational_sla [dashboard] 404 0ms2014-05-30 14:44:58 =ERROR REPORT====
POST /metricdashboard/stastore_operational_sla [dashboard] 404 0ms2014-05-30 14:44:59 =ERROR REPORT====
POST /metricdashboard/stastore_operational_sla [dashboard] 404 0ms2014-05-30 14:44:59 =ERROR REPORT====
POST /metricdashboard/stastore_operational_sla [dashboard] 404 0ms2014-05-30 14:44:59 =ERROR REPORT====
POST /metricdashboard/stastore_operational_sla [dashboard] 404 0ms2014-05-30 14:44:59 =ERROR REPORT====
POST /metricdashboard/stastore_operational_sla [dashboard] 404 0ms2014-05-30 14:44:59 =ERROR REPORT====
POST /metricdashboard/stastore_operational_sla [dashboard] 404 0ms2014-05-30 14:44:59 =ERROR REPORT====
POST /metricdashboard/stastore_operational_sla [dashboard] 404 0ms2014-05-30 14:44:59 =ERROR REPORT====
POST /metricdashboard/stastore_operational_sla [dashboard] 404 0ms2014-05-30 14:44:59 =ERROR REPORT====
POST /metricdashboard/stastore_operational_sla [dashboard] 404 0ms2014-05-30 14:45:00 =ERROR REPORT====
POST /metricdashboard/stastore_operational_sla [dashboard] 404 0ms2014-05-30 14:45:00 =ERROR REPORT====
POST /metricdashboard/stastore_operational_sla [dashboard] 404 0ms2014-05-30 14:45:00 =ERROR REPORT====
POST /metricdashboard/stastore_operational_sla [dashboard] 404 0ms2014-05-30 14:45:00 =ERROR REPORT====
POST /metricdashboard/stastore_operational_sla [dashboard] 404 0ms2014-05-30 14:45:00 =ERROR REPORT====
POST /metricdashboard/stastore_operational_sla [dashboard] 404 0ms2014-05-30 14:45:00 =ERROR REPORT====
POST /metricdashboard/stastore_operational_sla [dashboard] 404 0ms2014-05-30 14:45:00 =ERROR REPORT====
POST /metricdashboard/stastore_operational_sla [dashboard] 404 0ms2014-05-30 14:45:00 =ERROR REPORT====
POST /metricdashboard/stastore_operational_sla [dashboard] 404 0ms2014-05-30 14:45:00 =ERROR REPORT====
POST /metricdashboard/stastore_operational_sla [dashboard] 404 0ms2014-05-30 14:45:00 =ERROR REPORT====
POST /metricdashboard/stastore_operational_sla [dashboard] 404 0ms2014-05-30 14:45:00 =ERROR REPORT====
POST /metricdashboard/stastore_operational_sla [dashboard] 404 0ms2014-05-30 14:45:01 =ERROR REPORT====
POST /metricdashboard/stastore_operational_sla [dashboard] 404 0ms2014-05-30 14:45:01 =ERROR REPORT====
POST /metricdashboard/stastore_operational_sla [dashboard] 404 0ms2014-05-30 14:45:01 =ERROR REPORT====
POST /metricdashboard/stastore_operational_sla [dashboard] 404 0ms2014-05-30 14:45:01 =ERROR REPORT====
POST /metricdashboard/stastore_operational_sla [dashboard] 404 0ms2014-05-30 14:45:01 =ERROR REPORT====
POST /metricdashboard/stastore_operational_sla [dashboard] 404 0ms2014-05-30 14:45:01 =ERROR REPORT====
POST /metricdashboard/stastore_operational_sla [dashboard] 404 0ms2014-05-30 14:45:01 =ERROR REPORT====
POST /metricdashboard/stastore_operational_sla [dashboard] 404 0ms2014-05-30 14:45:01 =ERROR REPORT====
POST /metricdashboard/stastore_operational_sla [dashboard] 404 0ms2014-05-30 14:45:01 =ERROR REPORT====
POST /metricdashboard/stastore_operational_sla [dashboard] 404 0ms2014-05-30 14:45:01 =ERROR REPORT====
POST /metricdashboard/stastore_operational_sla [dashboard] 404 0ms2014-05-30 14:45:01 =ERROR REPORT====
POST /metricdashboard/stastore_operational_sla [dashboard] 404 0ms2014-05-30 14:45:01 =ERROR REPORT====
POST /metricdashboard/stastore_operational_sla [dashboard] 404 0ms2014-05-30 14:45:01 =ERROR REPORT====
POST /metricdashboard/stastore_operational_sla [dashboard] 404 0ms2014-05-30 14:45:02 =ERROR REPORT====
POST /metricdashboard/stastore_operational_sla [dashboard] 404 0ms2014-05-30 14:45:02 =ERROR REPORT====
POST /metricdashboard/stastore_operational_sla [dashboard] 404 0ms2014-05-30 14:45:02 =ERROR REPORT====
POST /metricdashboard/stastore_operational_sla [dashboard] 404 0ms2014-05-30 14:45:02 =ERROR REPORT====
POST /metricdashboard/stastore_operational_sla [dashboard] 404 0ms2014-05-30 14:45:02 =ERROR REPORT====
POST /metricdashboard/stastore_operational_sla [dashboard] 404 0ms2014-05-30 14:45:02 =ERROR REPORT====
POST /metricdashboard/stastore_operational_sla [dashboard] 404 0ms2014-05-30 14:45:02 =ERROR REPORT====
POST /metricdashboard/stastore_operational_sla [dashboard] 404 0ms2014-05-30 14:45:40 =ERROR REPORT====
POST /metricdashboard/stastore_operational_sla [dashboard] 404 0ms2014-05-30 14:45:40 =ERROR REPORT====
POST /metricdashboard/stastore_operational_sla [dashboard] 404 0ms2014-05-30 14:45:40 =ERROR REPORT====
POST /metricdashboard/stastore_operational_sla [dashboard] 404 0ms2014-05-30 14:45:40 =ERROR REPORT====
POST /metricdashboard/stastore_operational_sla [dashboard] 404 0ms2014-05-30 14:45:40 =ERROR REPORT====
POST /metricdashboard/stastore_operational_sla [dashboard] 404 0ms2014-05-30 14:45:40 =ERROR REPORT====
POST /metricdashboard/stastore_operational_sla [dashboard] 404 0ms2014-05-30 14:45:40 =ERROR REPORT====
POST /metricdashboard/stastore_operational_sla [dashboard] 404 0ms2014-05-30 14:45:40 =ERROR REPORT====
POST /metricdashboard/stastore_operational_sla [dashboard] 404 0ms2014-05-30 14:45:40 =ERROR REPORT====
POST /metricdashboard/stastore_operational_sla [dashboard] 404 0ms2014-05-30 14:45:41 =ERROR REPORT====
POST /metricdashboard/stastore_operational_sla [dashboard] 404 0ms2014-05-30 14:45:41 =ERROR REPORT====
POST /metricdashboard/stastore_operational_sla [dashboard] 404 0ms2014-05-30 14:45:41 =ERROR REPORT====
POST /metricdashboard/stastore_operational_sla [dashboard] 404 0ms2014-05-30 14:45:41 =ERROR REPORT====
POST /metricdashboard/stastore_operational_sla [dashboard] 404 0ms2014-05-30 14:45:41 =ERROR REPORT====
POST /metricdashboard/stastore_operational_sla [dashboard] 404 0ms2014-05-30 14:45:41 =ERROR REPORT====
POST /metricdashboard/stastore_operational_sla [dashboard] 404 0ms2014-05-30 14:45:41 =ERROR REPORT====
POST /metricdashboard/stastore_operational_sla [dashboard] 404 0ms2014-05-30 14:45:41 =ERROR REPORT====
POST /metricdashboard/stastore_operational_sla [dashboard] 404 0ms2014-05-30 14:45:41 =ERROR REPORT====
POST /metricdashboard/stastore_operational_sla [dashboard] 404 0ms2014-05-30 14:45:41 =ERROR REPORT====
POST /metricdashboard/stastore_operational_sla [dashboard] 404 0ms2014-05-30 14:45:41 =ERROR REPORT====
POST /metricdashboard/stastore_operational_sla [dashboard] 404 0ms2014-05-30 14:45:41 =ERROR REPORT====
POST /metricdashboard/stastore_operational_sla [dashboard] 404 0ms2014-05-30 14:45:41 =ERROR REPORT====
POST /metricdashboard/stastore_operational_sla [dashboard] 404 0ms2014-05-30 14:45:41 =ERROR REPORT====
POST /metricdashboard/stastore_operational_sla [dashboard] 404 0ms2014-05-30 14:45:42 =ERROR REPORT====
POST /metricdashboard/stastore_operational_sla [dashboard] 404 0ms2014-05-30 14:45:42 =ERROR REPORT====
POST /metricdashboard/stastore_operational_sla [dashboard] 404 0ms2014-05-30 14:45:42 =ERROR REPORT====
POST /metricdashboard/stastore_operational_sla [dashboard] 404 0ms2014-05-30 14:45:42 =ERROR REPORT====
POST /metricdashboard/stastore_operational_sla [dashboard] 404 0ms2014-05-30 14:45:42 =ERROR REPORT====
POST /metricdashboard/stastore_operational_sla [dashboard] 404 0ms2014-05-30 14:45:42 =ERROR REPORT====
POST /metricdashboard/stastore_operational_sla [dashboard] 404 0ms2014-05-30 14:45:42 =ERROR REPORT====
POST /metricdashboard/stastore_operational_sla [dashboard] 404 0ms2014-05-30 14:45:42 =ERROR REPORT====
POST /metricdashboard/stastore_operational_sla [dashboard] 404 0ms2014-05-30 14:45:42 =ERROR REPORT====
POST /metricdashboard/stastore_operational_sla [dashboard] 404 0ms2014-05-30 14:45:42 =ERROR REPORT====
POST /metricdashboard/stastore_operational_sla [dashboard] 404 0ms2014-05-30 14:45:42 =ERROR REPORT====
POST /metricdashboard/stastore_operational_sla [dashboard] 404 0ms2014-05-30 14:45:43 =ERROR REPORT====
POST /metricdashboard/stastore_operational_sla [dashboard] 404 0ms2014-05-30 14:45:43 =ERROR REPORT====
POST /metricdashboard/stastore_operational_sla [dashboard] 404 0ms2014-05-30 14:45:43 =ERROR REPORT====
POST /metricdashboard/stastore_operational_sla [dashboard] 404 0ms2014-05-30 14:45:43 =ERROR REPORT====
POST /metricdashboard/stastore_operational_sla [dashboard] 404 0ms2014-05-30 14:45:43 =ERROR REPORT====
POST /metricdashboard/stastore_operational_sla [dashboard] 404 0ms2014-05-30 14:45:43 =ERROR REPORT====
POST /metricdashboard/stastore_operational_sla [dashboard] 404 0ms2014-05-30 14:45:43 =ERROR REPORT====
POST /metricdashboard/stastore_operational_sla [dashboard] 404 0ms2014-05-30 14:45:43 =ERROR REPORT====
POST /metricdashboard/stastore_operational_sla [dashboard] 404 0ms2014-05-30 14:45:43 =ERROR REPORT====
POST /metricdashboard/stastore_operational_sla [dashboard] 404 0ms2014-05-30 14:45:43 =ERROR REPORT====
POST /metricdashboard/stastore_operational_sla [dashboard] 404 0ms2014-05-30 14:45:43 =ERROR REPORT====
POST /metricdashboard/stastore_operational_sla [dashboard] 404 0ms2014-05-30 14:45:43 =ERROR REPORT====
POST /metricdashboard/stastore_operational_sla [dashboard] 404 0ms2014-05-30 14:45:43 =ERROR REPORT====
POST /metricdashboard/stastore_operational_sla [dashboard] 404 0ms2014-05-30 14:45:43 =ERROR REPORT====
POST /metricdashboard/stastore_operational_sla [dashboard] 404 0ms2014-05-30 14:45:43 =ERROR REPORT====
POST /metricdashboard/stastore_operational_sla [dashboard] 404 0ms2014-05-30 14:45:43 =ERROR REPORT====
POST /metricdashboard/stastore_operational_sla [dashboard] 404 0ms2014-05-30 14:45:45 =ERROR REPORT====
POST /metricdashboard/stastore_operational_sla [dashboard] 404 0ms2014-05-30 14:45:45 =ERROR REPORT====
POST /metricdashboard/stastore_operational_sla [dashboard] 404 0ms2014-05-30 14:45:45 =ERROR REPORT====
POST /metricdashboard/stastore_operational_sla [dashboard] 404 0ms2014-05-30 14:45:45 =ERROR REPORT====
POST /metricdashboard/stastore_operational_sla [dashboard] 404 0ms2014-05-30 14:45:45 =ERROR REPORT====
POST /metricdashboard/stastore_operational_sla [dashboard] 404 0ms2014-05-30 14:45:45 =ERROR REPORT====
POST /metricdashboard/stastore_operational_sla [dashboard] 404 0ms2014-05-30 14:45:45 =ERROR REPORT====
POST /metricdashboard/stastore_operational_sla [dashboard] 404 0ms2014-05-30 14:45:45 =ERROR REPORT====
POST /metricdashboard/stastore_operational_sla [dashboard] 404 0ms2014-05-30 14:45:45 =ERROR REPORT====
POST /metricdashboard/stastore_operational_sla [dashboard] 404 0ms2014-05-30 14:45:45 =ERROR REPORT====
POST /metricdashboard/stastore_operational_sla [dashboard] 404 0ms2014-05-30 14:45:45 =ERROR REPORT====
POST /metricdashboard/stastore_operational_sla [dashboard] 404 0ms2014-05-30 14:45:45 =ERROR REPORT====
POST /metricdashboard/stastore_operational_sla [dashboard] 404 0ms2014-05-30 14:45:46 =ERROR REPORT====
POST /metricdashboard/stastore_operational_sla [dashboard] 404 0ms2014-05-30 14:45:46 =ERROR REPORT====
POST /metricdashboard/stastore_operational_sla [dashboard] 404 0ms2014-05-30 14:45:46 =ERROR REPORT====
POST /metricdashboard/stastore_operational_sla [dashboard] 404 0ms2014-05-30 14:45:46 =ERROR REPORT====
POST /metricdashboard/stastore_operational_sla [dashboard] 404 0ms2014-05-30 14:45:46 =ERROR REPORT====
POST /metricdashboard/stastore_operational_sla [dashboard] 404 0ms2014-05-30 14:45:46 =ERROR REPORT====
POST /metricdashboard/stastore_operational_sla [dashboard] 404 0ms2014-05-30 14:45:46 =ERROR REPORT====
POST /metricdashboard/stastore_operational_sla [dashboard] 404 0ms2014-05-30 14:45:46 =ERROR REPORT====
POST /metricdashboard/stastore_operational_sla [dashboard] 404 0ms2014-05-30 14:45:46 =ERROR REPORT====
POST /metricdashboard/stastore_operational_sla [dashboard] 404 0ms2014-05-30 14:45:46 =ERROR REPORT====
POST /metricdashboard/stastore_operational_sla [dashboard] 404 0ms2014-05-30 14:45:46 =ERROR REPORT====
POST /metricdashboard/stastore_operational_sla [dashboard] 404 0ms2014-05-30 14:45:46 =ERROR REPORT====
POST /metricdashboard/stastore_operational_sla [dashboard] 404 0ms2014-05-30 14:45:46 =ERROR REPORT====
POST /metricdashboard/stastore_operational_sla [dashboard] 404 0ms2014-05-30 14:45:46 =ERROR REPORT====
POST /metricdashboard/stastore_operational_sla [dashboard] 404 0ms2014-05-30 14:45:46 =ERROR REPORT====
POST /metricdashboard/stastore_operational_sla [dashboard] 404 0ms2014-05-30 14:45:46 =ERROR REPORT====
POST /metricdashboard/stastore_operational_sla [dashboard] 404 0ms2014-05-30 14:45:46 =ERROR REPORT====
POST /metricdashboard/stastore_operational_sla [dashboard] 404 0ms2014-05-30 14:45:46 =ERROR REPORT====
POST /metricdashboard/stastore_operational_sla [dashboard] 404 0ms2014-05-30 14:45:46 =ERROR REPORT====
POST /metricdashboard/stastore_operational_sla [dashboard] 404 0ms2014-05-30 14:45:46 =ERROR REPORT====
POST /metricdashboard/stastore_operational_sla [dashboard] 404 0ms2014-05-30 14:45:46 =ERROR REPORT====
POST /metricdashboard/stastore_operational_sla [dashboard] 404 0ms2014-05-30 14:45:46 =ERROR REPORT====
POST /metricdashboard/stastore_operational_sla [dashboard] 404 0ms2014-05-30 14:45:46 =ERROR REPORT====
POST /metricdashboard/stastore_operational_sla [dashboard] 404 0ms2014-05-30 14:45:46 =ERROR REPORT====
POST /metricdashboard/stastore_operational_sla [dashboard] 404 0ms2014-05-30 15:24:49 =SUPERVISOR REPORT====
     Supervisor: {<0.123.0>,poolboy_sup}
     Context:    shutdown_error
     Reason:     shutdown
     Offender:   [{nb_children,11},{name,boss_session_controller},{mfargs,{boss_session_controller,start_link,[[{name,{local,boss_session_pool}},{worker_module,boss_session_controller},{size,20},{max_overflow,40},{adapter,boss_session_adapter_mock},{session_exp_time,525600},{session_key,"_boss_session"}]]}},{restart_type,temporary},{shutdown,5000},{child_type,worker}]

2014-05-30 15:26:49 =SUPERVISOR REPORT====
     Supervisor: {<0.123.0>,poolboy_sup}
     Context:    shutdown_error
     Reason:     shutdown
     Offender:   [{nb_children,11},{name,boss_session_controller},{mfargs,{boss_session_controller,start_link,[[{name,{local,boss_session_pool}},{worker_module,boss_session_controller},{size,20},{max_overflow,40},{adapter,boss_session_adapter_mock},{session_exp_time,525600},{session_key,"_boss_session"}]]}},{restart_type,temporary},{shutdown,5000},{child_type,worker}]

2014-05-30 15:32:36 =SUPERVISOR REPORT====
     Supervisor: {<0.123.0>,poolboy_sup}
     Context:    shutdown_error
     Reason:     shutdown
     Offender:   [{nb_children,13},{name,boss_session_controller},{mfargs,{boss_session_controller,start_link,[[{name,{local,boss_session_pool}},{worker_module,boss_session_controller},{size,20},{max_overflow,40},{adapter,boss_session_adapter_mock},{session_exp_time,525600},{session_key,"_boss_session"}]]}},{restart_type,temporary},{shutdown,5000},{child_type,worker}]

2014-05-30 15:35:59 =ERROR REPORT====
GET /metric_dashboard/operational_sla1 [dashboard] 404 0ms2014-05-30 15:36:12 =ERROR REPORT====
GET /metricdashboard/operational_sla1 [dashboard] 404 0ms2014-05-30 15:36:43 =ERROR REPORT====
GET /dashboard_metricdashboard/operational_sla1 [dashboard] 404 0ms2014-05-30 15:37:05 =ERROR REPORT====
GET /metricdashboard/get_rdks [dashboard] 404 0ms2014-05-30 15:38:19 =ERROR REPORT====
GET /metricdashboard/operational_sla1 [dashboard] 404 0ms2014-05-30 15:40:44 =ERROR REPORT====
GET /metricdashboard/opeartional_sla1 [dashboard] 404 0ms2014-05-30 15:41:03 =ERROR REPORT====
GET /metricdashboard/opeartional_sla1 [dashboard] 404 0ms2014-05-30 15:41:05 =ERROR REPORT====
GET /metricdashboard/opeartional_sla1 [dashboard] 404 0ms2014-05-30 15:41:05 =ERROR REPORT====
GET /metricdashboard/opeartional_sla1 [dashboard] 404 0ms2014-05-30 15:41:23 =ERROR REPORT====
GET /metricdashboard/opeartional_sla1 [dashboard] 404 0ms2014-05-30 15:41:38 =ERROR REPORT====
GET /metricdashboard/opeartional_sla1 [dashboard] 404 0ms2014-05-30 15:41:47 =ERROR REPORT====
GET /metricdashboard/opeartional_sla1 [dashboard] 404 0ms