2013-09-18 10:09:58.648 [info] <0.7.0> Application lager started on node todo@entronic
2013-09-18 10:09:58.838 [info] <0.7.0> Application crypto started on node todo@entronic
2013-09-18 10:09:59.131 [info] <0.7.0> Application mimetypes started on node todo@entronic
2013-09-18 10:09:59.852 [info] <0.82.0> Starting Boss in development mode....

2013-09-18 10:10:00.173 [info] <0.7.0> Application mongodb started on node todo@entronic
2013-09-18 10:10:00.590 [info] <0.82.0> Starting master services on todo@entronic

2013-09-18 10:10:00.883 [info] <0.7.0> Application tinymq started on node todo@entronic
2013-09-18 10:10:01.194 [info] <0.82.0> SSL:[]

2013-09-18 10:10:01.244 [info] <0.7.0> Application boss started on node todo@entronic
2013-09-18 10:10:01.245 [info] <0.7.0> Application todo started on node todo@entronic
2013-09-18 10:10:01.495 [info] <0.159.0> Loading routes from "/media/sf_shared/rohit.sandbox/todo/todo/priv/todo.routes" ....
2013-09-18 10:10:14.292 [info] <0.159.0> Loading routes from "/media/sf_shared/rohit.sandbox/todo/todo/priv/todo.routes" ....
2013-09-18 10:10:14.298 [error] <0.145.0> GET / [todo] 404 7ms
2013-09-18 18:15:13.665 [info] <0.159.0> Loading routes from "/media/sf_shared/rohit.sandbox/todo/todo/priv/todo.routes" ....
2013-09-18 18:15:13.673 [error] <0.143.0> GET / [todo] 404 9ms
2013-09-18 18:15:21.541 [info] <0.159.0> Loading routes from "/media/sf_shared/rohit.sandbox/todo/todo/priv/todo.routes" ....
2013-09-18 18:15:22.597 [error] <0.143.0> GET /todoapp/ [todo] 404 1056ms
2013-09-18 18:15:54.803 [info] <0.159.0> Loading routes from "/media/sf_shared/rohit.sandbox/todo/todo/priv/todo.routes" ....
2013-09-18 18:15:54.809 [error] <0.143.0> GET /todoapp/ [todo] 404 6ms
2013-09-18 18:15:59.637 [info] <0.159.0> Loading routes from "/media/sf_shared/rohit.sandbox/todo/todo/priv/todo.routes" ....
2013-09-18 18:15:59.657 [error] <0.143.0> GET /todoapp/index.html [todo] 404 20ms
2013-09-18 18:16:04.827 [info] <0.159.0> Loading routes from "/media/sf_shared/rohit.sandbox/todo/todo/priv/todo.routes" ....
2013-09-18 18:16:04.850 [error] <0.143.0> GET /todoapp/todo.html [todo] 404 23ms
2013-09-18 18:16:20.153 [error] <0.106.0> Supervisor poolboy_sup had child boss_session_controller started with boss_session_controller:start_link([{name,{local,boss_session_pool}},{worker_module,boss_session_controller},{size,20},{max_overflow,...},...]) at undefined exit with reason shutdown in context shutdown_error
2013-09-18 18:17:02.314 [info] <0.7.0> Application lager started on node todo@entronic
2013-09-18 18:17:02.625 [info] <0.7.0> Application crypto started on node todo@entronic
2013-09-18 18:17:02.937 [info] <0.7.0> Application mimetypes started on node todo@entronic
2013-09-18 18:17:03.246 [info] <0.82.0> Starting Boss in development mode....

2013-09-18 18:17:03.357 [info] <0.7.0> Application mongodb started on node todo@entronic
2013-09-18 18:17:03.567 [info] <0.82.0> Starting master services on todo@entronic

2013-09-18 18:17:03.695 [info] <0.7.0> Application tinymq started on node todo@entronic
2013-09-18 18:17:03.768 [info] <0.82.0> SSL:[]

2013-09-18 18:17:03.874 [info] <0.7.0> Application boss started on node todo@entronic
2013-09-18 18:17:03.874 [info] <0.7.0> Application todo started on node todo@entronic
2013-09-18 18:17:04.048 [info] <0.159.0> Loading routes from "/media/sf_shared/rohit.sandbox/todo/todo/priv/todo.routes" ....
2013-09-18 18:17:06.735 [info] <0.159.0> Loading routes from "/media/sf_shared/rohit.sandbox/todo/todo/priv/todo.routes" ....
2013-09-18 18:17:06.747 [error] <0.152.0> GET /priv/statuc/todoapp/todo.html [todo] 404 12ms
2013-09-18 18:17:16.647 [info] <0.159.0> Loading routes from "/media/sf_shared/rohit.sandbox/todo/todo/priv/todo.routes" ....
2013-09-18 18:17:16.654 [error] <0.152.0> GET /priv/statuc/todoapp/todo.html [todo] 404 8ms
2013-09-18 18:19:03.984 [info] <0.159.0> Loading routes from "/media/sf_shared/rohit.sandbox/todo/todo/priv/todo.routes" ....
2013-09-18 18:19:03.991 [error] <0.152.0> GET /priv/statuc/todoapp/todo.html [todo] 404 8ms
2013-09-18 18:31:16.135 [info] <0.159.0> Loading routes from "/media/sf_shared/rohit.sandbox/todo/todo/priv/todo.routes" ....
2013-09-18 18:31:16.145 [error] <0.144.0> GET /priv/statuc/todoapp/todo.html [todo] 404 12ms
2013-09-18 18:31:18.338 [info] <0.159.0> Loading routes from "/media/sf_shared/rohit.sandbox/todo/todo/priv/todo.routes" ....
2013-09-18 18:31:18.348 [error] <0.144.0> GET /priv/statuc/todoapp/todo.html [todo] 404 10ms
2013-09-18 18:56:21.433 [error] <0.106.0> Supervisor poolboy_sup had child boss_session_controller started with boss_session_controller:start_link([{name,{local,boss_session_pool}},{worker_module,boss_session_controller},{size,20},{max_overflow,...},...]) at undefined exit with reason shutdown in context shutdown_error
2014-04-11 12:50:37.849 [info] <0.7.0> Application lager started on node todo@rohit
2014-04-11 12:50:37.883 [info] <0.7.0> Application crypto started on node todo@rohit
2014-04-11 12:50:37.893 [info] <0.7.0> Application mimetypes started on node todo@rohit
2014-04-11 12:50:37.927 [info] <0.82.0> Starting Boss in development mode....

2014-04-11 12:50:37.938 [info] <0.7.0> Application mongodb started on node todo@rohit
2014-04-11 12:50:37.986 [info] <0.82.0> Starting master services on todo@rohit

2014-04-11 12:50:38.000 [info] <0.7.0> Application tinymq started on node todo@rohit
2014-04-11 12:50:38.017 [info] <0.82.0> SSL:[]

2014-04-11 12:50:38.031 [info] <0.7.0> Application boss started on node todo@rohit
2014-04-11 12:50:38.031 [info] <0.7.0> Application todo started on node todo@rohit
2014-04-11 12:50:38.045 [info] <0.159.0> Loading routes from "/home/rohit/rohit.sandbox/todo/todo/priv/todo.routes" ....
2014-04-11 12:51:14.546 [info] <0.159.0> Loading routes from "/home/rohit/rohit.sandbox/todo/todo/priv/todo.routes" ....
2014-04-11 12:51:14.716 [info] <0.148.0> GET /todo/todo_json [todo] 200 170ms
2014-04-11 12:51:18.667 [info] <0.159.0> Loading routes from "/home/rohit/rohit.sandbox/todo/todo/priv/todo.routes" ....
2014-04-11 12:51:18.672 [info] <0.148.0> POST /todo/todo_editcheck [todo] 200 3ms
2014-04-11 12:51:19.072 [info] <0.159.0> Loading routes from "/home/rohit/rohit.sandbox/todo/todo/priv/todo.routes" ....
2014-04-11 12:51:19.082 [info] <0.148.0> POST /todo/todo_editcheck [todo] 200 7ms
2014-04-11 12:51:20.310 [info] <0.159.0> Loading routes from "/home/rohit/rohit.sandbox/todo/todo/priv/todo.routes" ....
2014-04-11 12:51:20.322 [info] <0.148.0> POST /todo/todo_editcheck [todo] 200 11ms
2014-04-11 12:51:20.705 [info] <0.159.0> Loading routes from "/home/rohit/rohit.sandbox/todo/todo/priv/todo.routes" ....
2014-04-11 12:51:20.714 [info] <0.148.0> POST /todo/todo_editcheck [todo] 200 7ms
2014-04-11 12:51:21.085 [info] <0.159.0> Loading routes from "/home/rohit/rohit.sandbox/todo/todo/priv/todo.routes" ....
2014-04-11 12:51:21.093 [info] <0.148.0> POST /todo/todo_editcheck [todo] 200 7ms
2014-04-11 12:51:21.608 [info] <0.159.0> Loading routes from "/home/rohit/rohit.sandbox/todo/todo/priv/todo.routes" ....
2014-04-11 12:51:21.615 [info] <0.148.0> POST /todo/todo_editcheck [todo] 200 6ms
2014-04-11 12:51:31.785 [info] <0.159.0> Loading routes from "/home/rohit/rohit.sandbox/todo/todo/priv/todo.routes" ....
2014-04-11 12:51:31.792 [info] <0.147.0> GET /todo/todo_json [todo] 200 6ms
2014-04-11 13:05:11.808 [info] <0.7.0> Application lager started on node todo@rohit
2014-04-11 13:05:11.836 [info] <0.7.0> Application crypto started on node todo@rohit
2014-04-11 13:05:11.859 [info] <0.7.0> Application mimetypes started on node todo@rohit
2014-04-11 13:05:11.886 [info] <0.82.0> Starting Boss in development mode....

2014-04-11 13:05:11.892 [info] <0.7.0> Application mongodb started on node todo@rohit
2014-04-11 13:05:11.955 [info] <0.82.0> Starting master services on todo@rohit

2014-04-11 13:05:11.963 [info] <0.7.0> Application tinymq started on node todo@rohit
2014-04-11 13:05:11.976 [info] <0.82.0> SSL:[]

2014-04-11 13:05:11.997 [info] <0.7.0> Application boss started on node todo@rohit
2014-04-11 13:05:11.997 [info] <0.7.0> Application todo started on node todo@rohit
2014-04-11 13:05:12.017 [info] <0.159.0> Loading routes from "/home/rohit/qubitinformationsystems/todo with chicagoboss/todo/priv/todo.routes" ....
2014-04-11 13:05:23.381 [info] <0.159.0> Loading routes from "/home/rohit/qubitinformationsystems/todo with chicagoboss/todo/priv/todo.routes" ....
2014-04-11 13:05:23.411 [info] <0.154.0> GET /todo/todo_json [todo] 200 29ms
2014-04-11 13:05:30.442 [info] <0.159.0> Loading routes from "/home/rohit/qubitinformationsystems/todo with chicagoboss/todo/priv/todo.routes" ....
2014-04-11 13:05:30.448 [error] <0.154.0> GET / [todo] 404 6ms
2014-04-11 13:05:33.532 [info] <0.159.0> Loading routes from "/home/rohit/qubitinformationsystems/todo with chicagoboss/todo/priv/todo.routes" ....
2014-04-11 13:05:33.543 [info] <0.156.0> GET /todo/todo_json [todo] 200 10ms
2014-04-11 13:05:44.040 [error] <0.106.0> Supervisor poolboy_sup had child boss_session_controller started with boss_session_controller:start_link([{name,{local,boss_session_pool}},{worker_module,boss_session_controller},{size,20},{max_overflow,...},...]) at undefined exit with reason shutdown in context shutdown_error
2014-04-11 13:07:12.942 [info] <0.7.0> Application lager started on node todo@rohit
2014-04-11 13:07:12.987 [info] <0.7.0> Application crypto started on node todo@rohit
2014-04-11 13:07:13.001 [info] <0.7.0> Application mimetypes started on node todo@rohit
2014-04-11 13:07:13.032 [info] <0.82.0> Starting Boss in development mode....

2014-04-11 13:07:13.049 [info] <0.7.0> Application mongodb started on node todo@rohit
2014-04-11 13:07:13.106 [info] <0.82.0> Starting master services on todo@rohit

2014-04-11 13:07:13.115 [info] <0.7.0> Application tinymq started on node todo@rohit
2014-04-11 13:07:13.129 [info] <0.82.0> SSL:[]

2014-04-11 13:07:13.144 [info] <0.7.0> Application boss started on node todo@rohit
2014-04-11 13:07:13.145 [info] <0.7.0> Application todo started on node todo@rohit
2014-04-11 13:07:13.169 [info] <0.159.0> Loading routes from "/home/rohit/qubitinformationsystems/todo_with_chicagoboss/todo/priv/todo.routes" ....
2014-04-11 13:07:16.952 [info] <0.159.0> Loading routes from "/home/rohit/qubitinformationsystems/todo_with_chicagoboss/todo/priv/todo.routes" ....
2014-04-11 13:07:16.995 [info] <0.154.0> GET /todo/todo_json [todo] 200 43ms
2014-04-11 13:07:19.549 [info] <0.159.0> Loading routes from "/home/rohit/qubitinformationsystems/todo_with_chicagoboss/todo/priv/todo.routes" ....
2014-04-11 13:07:19.553 [info] <0.159.0> Loading routes from "/home/rohit/qubitinformationsystems/todo_with_chicagoboss/todo/priv/todo.routes" ....
2014-04-11 13:07:19.556 [info] <0.159.0> Loading routes from "/home/rohit/qubitinformationsystems/todo_with_chicagoboss/todo/priv/todo.routes" ....
2014-04-11 13:07:19.558 [info] <0.159.0> Loading routes from "/home/rohit/qubitinformationsystems/todo_with_chicagoboss/todo/priv/todo.routes" ....
2014-04-11 13:07:19.559 [info] <0.159.0> Loading routes from "/home/rohit/qubitinformationsystems/todo_with_chicagoboss/todo/priv/todo.routes" ....
2014-04-11 13:07:19.560 [info] <0.154.0> POST /todo/todo_delete [todo] 200 10ms
2014-04-11 13:07:19.560 [info] <0.159.0> Loading routes from "/home/rohit/qubitinformationsystems/todo_with_chicagoboss/todo/priv/todo.routes" ....
2014-04-11 13:07:19.563 [info] <0.159.0> Loading routes from "/home/rohit/qubitinformationsystems/todo_with_chicagoboss/todo/priv/todo.routes" ....
2014-04-11 13:07:19.565 [info] <0.156.0> POST /todo/todo_delete [todo] 200 12ms
2014-04-11 13:07:19.570 [info] <0.151.0> POST /todo/todo_delete [todo] 200 16ms
2014-04-11 13:07:19.572 [info] <0.152.0> POST /todo/todo_delete [todo] 200 18ms
2014-04-11 13:07:19.574 [info] <0.155.0> POST /todo/todo_delete [todo] 200 18ms
2014-04-11 13:07:19.576 [info] <0.153.0> POST /todo/todo_delete [todo] 200 19ms
2014-04-11 13:07:19.581 [info] <0.154.0> POST /todo/todo_delete [todo] 200 17ms
2014-04-11 13:07:22.610 [info] <0.159.0> Loading routes from "/home/rohit/qubitinformationsystems/todo_with_chicagoboss/todo/priv/todo.routes" ....
2014-04-11 13:07:22.614 [info] <0.154.0> POST /todo/todo_editcheck [todo] 200 4ms
2014-04-11 13:07:23.460 [info] <0.159.0> Loading routes from "/home/rohit/qubitinformationsystems/todo_with_chicagoboss/todo/priv/todo.routes" ....
2014-04-11 13:07:23.475 [info] <0.154.0> POST /todo/todo_delete [todo] 200 15ms
2014-04-11 13:07:24.840 [info] <0.159.0> Loading routes from "/home/rohit/qubitinformationsystems/todo_with_chicagoboss/todo/priv/todo.routes" ....
2014-04-11 13:07:24.844 [info] <0.152.0> GET /todo/todo_json [todo] 200 2ms
2014-04-11 13:08:26.440 [info] <0.159.0> Loading routes from "/home/rohit/qubitinformationsystems/todo_with_chicagoboss/todo/priv/todo.routes" ....
2014-04-11 13:08:26.480 [info] <0.152.0> POST /todo/todo_add [todo] 200 39ms
2014-04-11 13:08:27.191 [info] <0.159.0> Loading routes from "/home/rohit/qubitinformationsystems/todo_with_chicagoboss/todo/priv/todo.routes" ....
2014-04-11 13:08:27.210 [info] <0.152.0> POST /todo/todo_add [todo] 200 16ms
2014-04-11 13:08:27.701 [info] <0.159.0> Loading routes from "/home/rohit/qubitinformationsystems/todo_with_chicagoboss/todo/priv/todo.routes" ....
2014-04-11 13:08:27.721 [info] <0.152.0> POST /todo/todo_add [todo] 200 17ms
2014-04-11 13:08:31.348 [info] <0.159.0> Loading routes from "/home/rohit/qubitinformationsystems/todo_with_chicagoboss/todo/priv/todo.routes" ....
2014-04-11 13:08:31.354 [info] <0.152.0> POST /todo/todo_editcheck [todo] 200 4ms
